22:24:48: D3D Created device with feature level b000
22:24:48: Loaded texture image Default.png
22:24:48: Application created
22:24:48: ../data/shaders/basicTexture.shader
22:24:48: ../data/shaders/depth.shader
22:24:48: ../data/shaders/generalMaterial.shader
22:24:48: ../data/shaders/postProcessBasic.shader
22:24:48: ../data/shaders/shader.shader
22:24:48: ../data/shaders/voxelizing.shader
22:24:48: ../data/materials/basicTexture.material
22:24:48: Loaded materials: 2
22:24:48: ../data/materials/colorMats.material
22:24:48: Loaded materials: 11
22:24:48: ../data/materials/depth.material
22:24:48: Loaded materials: 2
22:24:48: ../data/materials/postProcessBasic.material
22:24:48: Loaded materials: 4
22:24:48: ../data/materials/voxelizing.material
22:24:48: Loaded materials: 2
22:24:48: Total mats here: 21
22:24:48: Loaded texture image Default.png
22:24:48: Loaded texture image nicered.png
22:24:48: Loaded texture image ConcreteNORM.png
22:24:48: Loaded texture image nicegreen.png
22:24:48: Loaded texture image niceblue.png
22:24:48: Loaded texture image yellow.png
22:24:48: Loaded texture image white.png
22:24:48: Loaded texture image grass.png
22:24:49: Loading entity Box02 with mesh file Box02.mesh
22:24:49: Loading mesh file Box02.mesh
22:24:49: Loading entity Box01 with mesh file Box01.mesh
22:24:49: Loading mesh file Box01.mesh
22:24:49: Loading entity Box04 with mesh file Box04.mesh
22:24:49: Loading mesh file Box04.mesh
22:24:49: Loading entity Box06 with mesh file Box06.mesh
22:24:49: Loading mesh file Box06.mesh
22:24:49: Loading entity Box03 with mesh file Box001.mesh
22:24:49: Loading mesh file Box001.mesh
22:24:49: Loading entity Suzanne with mesh file Suzanne.mesh
22:24:49: Loading mesh file Suzanne.mesh
22:25:10: ======================Closing======================
